2018-03-18 14:11:51.607 ERROR 11732 --- [main] o.s.b.c.l.LoggingApplicationListener     : Cannot set level:  for 'null'
2018-03-18 14:11:51.608 ERROR 11732 --- [main] o.s.b.c.l.LoggingApplicationListener     : Cannot set level: FULL for 'project.user.UserClient'
2018-03-18 14:11:51.646  INFO 11732 --- [main] c.d.c.CustomerServiceApplication         : No active profile set, falling back to default profiles: default
2018-03-18 14:11:51.697  INFO 11732 --- [main] ConfigServletWebServerApplicationContext : Refreshing org.springframework.boot.web.servlet.context.AnnotationConfigServletWebServerApplicationContext@3a3e78f: startup date [Sun Mar 18 14:11:51 IST 2018]; parent: org.springframework.context.annotation.AnnotationConfigApplicationContext@34e9fd99
2018-03-18 14:11:52.959  INFO 11732 --- [main] o.s.b.f.s.DefaultListableBeanFactory     : Overriding bean definition for bean 'dataSource' with a different definition: replacing [Root bean: class [null]; scope=refresh; abstract=false; lazyInit=false; autowireMode=3; dependencyCheck=0; autowireCandidate=false; primary=false; factoryBeanName=org.springframework.boot.autoconfigure.jdbc.DataSourceConfiguration$Hikari; factoryMethodName=dataSource; initMethodName=null; destroyMethodName=(inferred); defined in class path resource [org/springframework/boot/autoconfigure/jdbc/DataSourceConfiguration$Hikari.class]] with [Root bean: class [org.springframework.aop.scope.ScopedProxyFactoryBean]; scope=; abstract=false; lazyInit=false; autowireMode=0; dependencyCheck=0; autowireCandidate=true; primary=false; factoryBeanName=null; factoryMethodName=null; initMethodName=null; destroyMethodName=null; defined in BeanDefinition defined in class path resource [org/springframework/boot/autoconfigure/jdbc/DataSourceConfiguration$Hikari.class]]
2018-03-18 14:11:53.499  INFO 11732 --- [main] o.s.cloud.context.scope.GenericScope     : BeanFactory id=e2de283a-a5f3-36f2-9581-a77a24da8acf
2018-03-18 14:11:53.571  INFO 11732 --- [main] f.a.AutowiredAnnotationBeanPostProcessor : JSR-330 'javax.inject.Inject' annotation found and supported for autowiring
2018-03-18 14:11:54.148  INFO 11732 --- [main] trationDelegate$BeanPostProcessorChecker : Bean 'org.springframework.transaction.annotation.ProxyTransactionManagementConfiguration' of type [org.springframework.transaction.annotation.ProxyTransactionManagementConfiguration$$EnhancerBySpringCGLIB$$9dda10f8] is not eligible for getting processed by all BeanPostProcessors (for example: not eligible for auto-proxying)
2018-03-18 14:11:54.698  INFO 11732 --- [main] trationDelegate$BeanPostProcessorChecker : Bean 'org.springframework.cloud.autoconfigure.ConfigurationPropertiesRebinderAutoConfiguration' of type [org.springframework.cloud.autoconfigure.ConfigurationPropertiesRebinderAutoConfiguration$$EnhancerBySpringCGLIB$$b9f413f5] is not eligible for getting processed by all BeanPostProcessors (for example: not eligible for auto-proxying)
2018-03-18 14:11:55.844  INFO 11732 --- [main] o.s.b.w.embedded.tomcat.TomcatWebServer  : Tomcat initialized with port(s): 6161 (http)
2018-03-18 14:11:55.900  INFO 11732 --- [main] o.apache.catalina.core.StandardService   : Starting service [Tomcat]
2018-03-18 14:11:55.903  INFO 11732 --- [main] org.apache.catalina.core.StandardEngine  : Starting Servlet Engine: Apache Tomcat/8.5.28
2018-03-18 14:11:55.956  INFO 11732 --- [localhost-startStop-1] o.a.catalina.core.AprLifecycleListener   : The APR based Apache Tomcat Native library which allows optimal performance in production environments was not found on the java.library.path: [C:\Program Files\Java\jre1.8.0_151\bin;C:\Windows\Sun\Java\bin;C:\Windows\system32;C:\Windows;C:\ProgramData\Oracle\Java\javapath;C:\Program Files (x86)\Intel\iCLS Client\;C:\Program Files\Intel\iCLS Client\;C:\Windows\system32;C:\Windows;C:\Windows\System32\Wbem;C:\Windows\System32\WindowsPowerShell\v1.0\;C:\Program Files\Intel\Intel(R) Management Engine Components\DAL;C:\Program Files\Intel\Intel(R) Management Engine Components\IPT;C:\Program Files (x86)\Intel\Intel(R) Management Engine Components\DAL;C:\Program Files (x86)\Intel\Intel(R) Management Engine Components\IPT;C:\Program Files\Intel\WiFi\bin\;C:\Program Files\Common Files\Intel\WirelessCommon\;C:\Program Files (x86)\Windows Live\Shared;C:\Program Files\Git\cmd;C:\Program Files (x86)\Skype\Phone\;D:\personal data\maven\bin;C:\Program Files\Java\jdk1.8.0_121\bin;C:\Program Files\Docker Toolbox;D:\personal data\book\Mastering Spring Boot 2.0\spring-2.0.0.BUILD-SNAPSHOT\bin;.]
2018-03-18 14:11:56.588  INFO 11732 --- [localhost-startStop-1] o.a.c.c.C.[Tomcat].[localhost].[/]       : Initializing Spring embedded WebApplicationContext
2018-03-18 14:11:56.589  INFO 11732 --- [localhost-startStop-1] o.s.web.context.ContextLoader            : Root WebApplicationContext: initialization completed in 4893 ms
2018-03-18 14:11:57.005  INFO 11732 --- [localhost-startStop-1] o.s.b.w.servlet.ServletRegistrationBean  : Servlet dispatcherServlet mapped to [/]
2018-03-18 14:11:57.049  INFO 11732 --- [localhost-startStop-1] o.s.b.w.servlet.FilterRegistrationBean   : Mapping filter: 'characterEncodingFilter' to: [/*]
2018-03-18 14:11:57.050  INFO 11732 --- [localhost-startStop-1] o.s.b.w.servlet.FilterRegistrationBean   : Mapping filter: 'hiddenHttpMethodFilter' to: [/*]
2018-03-18 14:11:57.051  INFO 11732 --- [localhost-startStop-1] o.s.b.w.servlet.FilterRegistrationBean   : Mapping filter: 'httpPutFormContentFilter' to: [/*]
2018-03-18 14:11:57.052  INFO 11732 --- [localhost-startStop-1] o.s.b.w.servlet.FilterRegistrationBean   : Mapping filter: 'requestContextFilter' to: [/*]
2018-03-18 14:11:57.594  INFO 11732 --- [main] com.zaxxer.hikari.HikariDataSource       : HikariPool-1 - Starting...
2018-03-18 14:11:57.603  WARN 11732 --- [main] com.zaxxer.hikari.util.DriverDataSource  : Registered driver with driverClassName=org.hsqldb.jdbcDriver was not found, trying direct instantiation.
2018-03-18 14:11:58.262  INFO 11732 --- [main] com.zaxxer.hikari.pool.PoolBase          : HikariPool-1 - Driver does not support get/set network timeout for connections. (feature not supported)
2018-03-18 14:11:58.267  INFO 11732 --- [main] com.zaxxer.hikari.HikariDataSource       : HikariPool-1 - Start completed.
2018-03-18 14:11:58.363  INFO 11732 --- [main] j.LocalContainerEntityManagerFactoryBean : Building JPA container EntityManagerFactory for persistence unit 'default'
2018-03-18 14:11:58.406  INFO 11732 --- [main] o.hibernate.jpa.internal.util.LogHelper  : HHH000204: Processing PersistenceUnitInfo [
	name: default
	...]
2018-03-18 14:11:59.066  INFO 11732 --- [main] org.hibernate.Version                    : HHH000412: Hibernate Core {5.2.14.Final}
2018-03-18 14:11:59.073  INFO 11732 --- [main] org.hibernate.cfg.Environment            : HHH000206: hibernate.properties not found
2018-03-18 14:11:59.215  INFO 11732 --- [main] o.hibernate.annotations.common.Version   : HCANN000001: Hibernate Commons Annotations {5.0.1.Final}
2018-03-18 14:11:59.663  INFO 11732 --- [main] org.hibernate.dialect.Dialect            : HHH000400: Using dialect: org.hibernate.dialect.HSQLDialect
2018-03-18 14:12:00.609  INFO 11732 --- [main] o.h.t.schema.internal.SchemaCreatorImpl  : HHH000476: Executing import script 'org.hibernate.tool.schema.internal.exec.ScriptSourceInputNonExistentImpl@1142d377'
2018-03-18 14:12:00.637  INFO 11732 --- [main] j.LocalContainerEntityManagerFactoryBean : Initialized JPA EntityManagerFactory for persistence unit 'default'
2018-03-18 14:12:01.075  INFO 11732 --- [main] o.s.jdbc.datasource.init.ScriptUtils     : Executing SQL script from URL [file:/D:/packt-spring-boot-ws/Chapter-08-customer-service/target/classes/data.sql]
2018-03-18 14:12:01.100  INFO 11732 --- [main] o.s.jdbc.datasource.init.ScriptUtils     : Executed SQL script from URL [file:/D:/packt-spring-boot-ws/Chapter-08-customer-service/target/classes/data.sql] in 22 ms.
2018-03-18 14:12:02.117  INFO 11732 --- [main] s.c.a.AnnotationConfigApplicationContext : Refreshing FeignContext-account-service: startup date [Sun Mar 18 14:12:02 IST 2018]; parent: org.springframework.boot.web.servlet.context.AnnotationConfigServletWebServerApplicationContext@3a3e78f
2018-03-18 14:12:02.161  INFO 11732 --- [main] f.a.AutowiredAnnotationBeanPostProcessor : JSR-330 'javax.inject.Inject' annotation found and supported for autowiring
2018-03-18 14:12:03.392  WARN 11732 --- [main] c.n.c.sources.URLConfigurationSource     : No URLs will be polled as dynamic configuration sources.
2018-03-18 14:12:03.393  INFO 11732 --- [main] c.n.c.sources.URLConfigurationSource     : To enable URLs as dynamic configuration sources, define System property archaius.configurationSource.additionalUrls or make config.properties available on classpath.
2018-03-18 14:12:03.440  WARN 11732 --- [main] c.n.c.sources.URLConfigurationSource     : No URLs will be polled as dynamic configuration sources.
2018-03-18 14:12:03.443  INFO 11732 --- [main] c.n.c.sources.URLConfigurationSource     : To enable URLs as dynamic configuration sources, define System property archaius.configurationSource.additionalUrls or make config.properties available on classpath.
2018-03-18 14:12:04.413  INFO 11732 --- [main] s.w.s.m.m.a.RequestMappingHandlerAdapter : Looking for @ControllerAdvice: org.springframework.boot.web.servlet.context.AnnotationConfigServletWebServerApplicationContext@3a3e78f: startup date [Sun Mar 18 14:11:51 IST 2018]; parent: org.springframework.context.annotation.AnnotationConfigApplicationContext@34e9fd99
2018-03-18 14:12:04.549  WARN 11732 --- [main] aWebConfiguration$JpaWebMvcConfiguration : spring.jpa.open-in-view is enabled by default. Therefore, database queries may be performed during view rendering. Explicitly configure spring.jpa.open-in-view to disable this warning
2018-03-18 14:12:04.663  INFO 11732 --- [main] s.w.s.m.m.a.RequestMappingHandlerMapping : Mapped "{[/customer],methods=[PUT]}" onto public com.dineshonjava.customerservice.domain.Customer com.dineshonjava.customerservice.controller.CustomerController.update(com.dineshonjava.customerservice.domain.Customer)
2018-03-18 14:12:04.665  INFO 11732 --- [main] s.w.s.m.m.a.RequestMappingHandlerMapping : Mapped "{[/customer],methods=[DELETE]}" onto public void com.dineshonjava.customerservice.controller.CustomerController.delete(com.dineshonjava.customerservice.domain.Customer)
2018-03-18 14:12:04.666  INFO 11732 --- [main] s.w.s.m.m.a.RequestMappingHandlerMapping : Mapped "{[/customer],methods=[POST]}" onto public com.dineshonjava.customerservice.domain.Customer com.dineshonjava.customerservice.controller.CustomerController.save(com.dineshonjava.customerservice.domain.Customer)
2018-03-18 14:12:04.666  INFO 11732 --- [main] s.w.s.m.m.a.RequestMappingHandlerMapping : Mapped "{[/customer],methods=[GET]}" onto public java.lang.Iterable<com.dineshonjava.customerservice.domain.Customer> com.dineshonjava.customerservice.controller.CustomerController.all()
2018-03-18 14:12:04.668  INFO 11732 --- [main] s.w.s.m.m.a.RequestMappingHandlerMapping : Mapped "{[/customer/{customerId}],methods=[GET]}" onto public com.dineshonjava.customerservice.domain.Customer com.dineshonjava.customerservice.controller.CustomerController.findByAccountId(java.lang.Integer)
2018-03-18 14:12:04.701  INFO 11732 --- [main] s.w.s.m.m.a.RequestMappingHandlerMapping : Mapped "{[/error]}" onto public org.springframework.http.ResponseEntity<java.util.Map<java.lang.String, java.lang.Object>> org.springframework.boot.autoconfigure.web.servlet.error.BasicErrorController.error(javax.servlet.http.HttpServletRequest)
2018-03-18 14:12:04.712  INFO 11732 --- [main] s.w.s.m.m.a.RequestMappingHandlerMapping : Mapped "{[/error],produces=[text/html]}" onto public org.springframework.web.servlet.ModelAndView org.springframework.boot.autoconfigure.web.servlet.error.BasicErrorController.errorHtml(javax.servlet.http.HttpServletRequest,javax.servlet.http.HttpServletResponse)
2018-03-18 14:12:05.068  INFO 11732 --- [main] o.s.w.s.handler.SimpleUrlHandlerMapping  : Mapped URL path [/webjars/**] onto handler of type [class org.springframework.web.servlet.resource.ResourceHttpRequestHandler]
2018-03-18 14:12:05.069  INFO 11732 --- [main] o.s.w.s.handler.SimpleUrlHandlerMapping  : Mapped URL path [/**] onto handler of type [class org.springframework.web.servlet.resource.ResourceHttpRequestHandler]
2018-03-18 14:12:05.500  INFO 11732 --- [main] o.s.w.s.handler.SimpleUrlHandlerMapping  : Mapped URL path [/**/favicon.ico] onto handler of type [class org.springframework.web.servlet.resource.ResourceHttpRequestHandler]
2018-03-18 14:12:09.380  INFO 11732 --- [main] o.s.j.e.a.AnnotationMBeanExporter        : Registering beans for JMX exposure on startup
2018-03-18 14:12:09.384  INFO 11732 --- [main] o.s.j.e.a.AnnotationMBeanExporter        : Bean with name 'dataSource' has been autodetected for JMX exposure
2018-03-18 14:12:09.404  INFO 11732 --- [main] o.s.j.e.a.AnnotationMBeanExporter        : Bean with name 'configurationPropertiesRebinder' has been autodetected for JMX exposure
2018-03-18 14:12:09.408  INFO 11732 --- [main] o.s.j.e.a.AnnotationMBeanExporter        : Bean with name 'environmentManager' has been autodetected for JMX exposure
2018-03-18 14:12:09.413  INFO 11732 --- [main] o.s.j.e.a.AnnotationMBeanExporter        : Bean with name 'refreshScope' has been autodetected for JMX exposure
2018-03-18 14:12:09.419  INFO 11732 --- [main] o.s.j.e.a.AnnotationMBeanExporter        : Located managed bean 'environmentManager': registering with JMX server as MBean [org.springframework.cloud.context.environment:name=environmentManager,type=EnvironmentManager]
2018-03-18 14:12:09.449  INFO 11732 --- [main] o.s.j.e.a.AnnotationMBeanExporter        : Located managed bean 'refreshScope': registering with JMX server as MBean [org.springframework.cloud.context.scope.refresh:name=refreshScope,type=RefreshScope]
2018-03-18 14:12:09.575  INFO 11732 --- [main] o.s.j.e.a.AnnotationMBeanExporter        : Located managed bean 'configurationPropertiesRebinder': registering with JMX server as MBean [org.springframework.cloud.context.properties:name=configurationPropertiesRebinder,context=3a3e78f,type=ConfigurationPropertiesRebinder]
2018-03-18 14:12:09.646  INFO 11732 --- [main] o.s.j.e.a.AnnotationMBeanExporter        : Located MBean 'dataSource': registering with JMX server as MBean [com.zaxxer.hikari:name=dataSource,type=HikariDataSource]
2018-03-18 14:12:09.701  INFO 11732 --- [main] o.s.c.support.DefaultLifecycleProcessor  : Starting beans in phase 0
2018-03-18 14:12:09.749  INFO 11732 --- [main] o.s.c.n.eureka.InstanceInfoFactory       : Setting initial instance status as: STARTING
2018-03-18 14:12:10.002  INFO 11732 --- [main] com.netflix.discovery.DiscoveryClient    : Initializing Eureka in region us-east-1
2018-03-18 14:12:11.375  INFO 11732 --- [main] c.n.d.provider.DiscoveryJerseyProvider   : Using JSON encoding codec LegacyJacksonJson
2018-03-18 14:12:11.377  INFO 11732 --- [main] c.n.d.provider.DiscoveryJerseyProvider   : Using JSON decoding codec LegacyJacksonJson
2018-03-18 14:12:11.608  INFO 11732 --- [main] c.n.d.provider.DiscoveryJerseyProvider   : Using XML encoding codec XStreamXml
2018-03-18 14:12:11.609  INFO 11732 --- [main] c.n.d.provider.DiscoveryJerseyProvider   : Using XML decoding codec XStreamXml
2018-03-18 14:12:12.079  INFO 11732 --- [main] c.n.d.s.r.aws.ConfigClusterResolver      : Resolving eureka endpoints via configuration
2018-03-18 14:12:12.561  INFO 11732 --- [main] com.netflix.discovery.DiscoveryClient    : Disable delta property : false
2018-03-18 14:12:12.562  INFO 11732 --- [main] com.netflix.discovery.DiscoveryClient    : Single vip registry refresh property : null
2018-03-18 14:12:12.564  INFO 11732 --- [main] com.netflix.discovery.DiscoveryClient    : Force full registry fetch : false
2018-03-18 14:12:12.566  INFO 11732 --- [main] com.netflix.discovery.DiscoveryClient    : Application is null : false
2018-03-18 14:12:12.566  INFO 11732 --- [main] com.netflix.discovery.DiscoveryClient    : Registered Applications size is zero : true
2018-03-18 14:12:12.567  INFO 11732 --- [main] com.netflix.discovery.DiscoveryClient    : Application version is -1: true
2018-03-18 14:12:12.569  INFO 11732 --- [main] com.netflix.discovery.DiscoveryClient    : Getting all instance registry info from the eureka server
2018-03-18 14:12:13.795  INFO 11732 --- [main] com.netflix.discovery.DiscoveryClient    : The response status is 200
2018-03-18 14:12:13.802  INFO 11732 --- [main] com.netflix.discovery.DiscoveryClient    : Starting heartbeat executor: renew interval is: 30
2018-03-18 14:12:13.811  INFO 11732 --- [main] c.n.discovery.InstanceInfoReplicator     : InstanceInfoReplicator onDemand update allowed rate per min is 4
2018-03-18 14:12:13.824  INFO 11732 --- [main] com.netflix.discovery.DiscoveryClient    : Discovery Client initialized at timestamp 1521362533819 with initial instances count: 1
2018-03-18 14:12:13.929  INFO 11732 --- [main] o.s.c.n.e.s.EurekaServiceRegistry        : Registering application customer-service with eureka with status UP
2018-03-18 14:12:13.935  INFO 11732 --- [main] com.netflix.discovery.DiscoveryClient    : Saw local status change event StatusChangeEvent [timestamp=1521362533935, current=UP, previous=STARTING]
2018-03-18 14:12:13.957  INFO 11732 --- [DiscoveryClient-InstanceInfoReplicator-0] com.netflix.discovery.DiscoveryClient    : DiscoveryClient_CUSTOMER-SERVICE/MRNDTHTMOBL0002.timesgroup.com:customer-service:6161: registering service...
2018-03-18 14:12:14.117  INFO 11732 --- [DiscoveryClient-InstanceInfoReplicator-0] com.netflix.discovery.DiscoveryClient    : DiscoveryClient_CUSTOMER-SERVICE/MRNDTHTMOBL0002.timesgroup.com:customer-service:6161 - registration status: 204
2018-03-18 14:12:14.286  INFO 11732 --- [main] o.s.b.w.embedded.tomcat.TomcatWebServer  : Tomcat started on port(s): 6161 (http) with context path ''
2018-03-18 14:12:14.292  INFO 11732 --- [main] .s.c.n.e.s.EurekaAutoServiceRegistration : Updating port to 6161
2018-03-18 14:12:14.315  INFO 11732 --- [main] c.d.c.CustomerServiceApplication         : Started CustomerServiceApplication in 26.356 seconds (JVM running for 27.839)
2018-03-18 14:12:25.427  INFO 11732 --- [http-nio-6161-exec-10] o.a.c.c.C.[Tomcat].[localhost].[/]       : Initializing Spring FrameworkServlet 'dispatcherServlet'
2018-03-18 14:12:25.427  INFO 11732 --- [http-nio-6161-exec-10] o.s.web.servlet.DispatcherServlet        : FrameworkServlet 'dispatcherServlet': initialization started
2018-03-18 14:12:25.476  INFO 11732 --- [http-nio-6161-exec-10] o.s.web.servlet.DispatcherServlet        : FrameworkServlet 'dispatcherServlet': initialization completed in 49 ms
2018-03-18 14:12:25.715  INFO 11732 --- [http-nio-6161-exec-10] o.h.h.i.QueryTranslatorFactoryInitiator  : HHH000397: Using ASTQueryTranslatorFactory
2018-03-18 14:12:26.099  INFO 11732 --- [http-nio-6161-exec-10] s.c.a.AnnotationConfigApplicationContext : Refreshing SpringClientFactory-account-service: startup date [Sun Mar 18 14:12:26 IST 2018]; parent: org.springframework.boot.web.servlet.context.AnnotationConfigServletWebServerApplicationContext@3a3e78f
2018-03-18 14:12:26.340  INFO 11732 --- [http-nio-6161-exec-10] f.a.AutowiredAnnotationBeanPostProcessor : JSR-330 'javax.inject.Inject' annotation found and supported for autowiring
2018-03-18 14:12:26.917  INFO 11732 --- [http-nio-6161-exec-10] c.netflix.config.ChainedDynamicProperty  : Flipping property: account-service.ribbon.ActiveConnectionsLimit to use NEXT property: niws.loadbalancer.availabilityFilteringRule.activeConnectionsLimit = 2147483647
2018-03-18 14:12:26.961  INFO 11732 --- [http-nio-6161-exec-10] c.n.u.concurrent.ShutdownEnabledTimer    : Shutdown hook installed for: NFLoadBalancer-PingTimer-account-service
2018-03-18 14:12:27.172  INFO 11732 --- [http-nio-6161-exec-10] c.netflix.loadbalancer.BaseLoadBalancer  : Client: account-service instantiated a LoadBalancer: DynamicServerListLoadBalancer:{NFLoadBalancer:name=account-service,current list of Servers=[],Load balancer stats=Zone stats: {},Server stats: []}ServerList:null
2018-03-18 14:12:27.192  INFO 11732 --- [http-nio-6161-exec-10] c.n.l.DynamicServerListLoadBalancer      : Using serverListUpdater PollingServerListUpdater
2018-03-18 14:12:27.316  INFO 11732 --- [http-nio-6161-exec-10] c.netflix.config.ChainedDynamicProperty  : Flipping property: account-service.ribbon.ActiveConnectionsLimit to use NEXT property: niws.loadbalancer.availabilityFilteringRule.activeConnectionsLimit = 2147483647
2018-03-18 14:12:27.322  INFO 11732 --- [http-nio-6161-exec-10] c.n.l.DynamicServerListLoadBalancer      : DynamicServerListLoadBalancer for client account-service initialized: DynamicServerListLoadBalancer:{NFLoadBalancer:name=account-service,current list of Servers=[192.168.225.208:6060],Load balancer stats=Zone stats: {defaultzone=[Zone:defaultzone;	Instance count:1;	Active connections count: 0;	Circuit breaker tripped count: 0;	Active connections per server: 0.0;]
},Server stats: [[Server:192.168.225.208:6060;	Zone:defaultZone;	Total Requests:0;	Successive connection failure:0;	Total blackout seconds:0;	Last connection made:Thu Jan 01 05:30:00 IST 1970;	First connection made: Thu Jan 01 05:30:00 IST 1970;	Active Connections:0;	total failure count in last (1000) msecs:0;	average resp time:0.0;	90 percentile resp time:0.0;	95 percentile resp time:0.0;	min resp time:0.0;	max resp time:0.0;	stddev resp time:0.0]
]}ServerList:org.springframework.cloud.netflix.ribbon.eureka.DomainExtractingServerList@53dfa336
2018-03-18 14:12:28.284  INFO 11732 --- [PollingServerListUpdater-0] c.netflix.config.ChainedDynamicProperty  : Flipping property: account-service.ribbon.ActiveConnectionsLimit to use NEXT property: niws.loadbalancer.availabilityFilteringRule.activeConnectionsLimit = 2147483647
2018-03-18 14:17:12.574  INFO 11732 --- [AsyncResolver-bootstrap-executor-0] c.n.d.s.r.aws.ConfigClusterResolver      : Resolving eureka endpoints via configuration
2018-03-18 14:22:12.578  INFO 11732 --- [AsyncResolver-bootstrap-executor-0] c.n.d.s.r.aws.ConfigClusterResolver      : Resolving eureka endpoints via configuration
2018-03-18 14:27:12.580  INFO 11732 --- [AsyncResolver-bootstrap-executor-0] c.n.d.s.r.aws.ConfigClusterResolver      : Resolving eureka endpoints via configuration
2018-03-18 14:32:12.580  INFO 11732 --- [AsyncResolver-bootstrap-executor-0] c.n.d.s.r.aws.ConfigClusterResolver      : Resolving eureka endpoints via configuration
2018-03-18 14:37:12.582  INFO 11732 --- [AsyncResolver-bootstrap-executor-0] c.n.d.s.r.aws.ConfigClusterResolver      : Resolving eureka endpoints via configuration
2018-03-18 14:42:12.584  INFO 11732 --- [AsyncResolver-bootstrap-executor-0] c.n.d.s.r.aws.ConfigClusterResolver      : Resolving eureka endpoints via configuration
2018-03-18 14:47:12.585  INFO 11732 --- [AsyncResolver-bootstrap-executor-0] c.n.d.s.r.aws.ConfigClusterResolver      : Resolving eureka endpoints via configuration
2018-03-18 14:52:12.585  INFO 11732 --- [AsyncResolver-bootstrap-executor-0] c.n.d.s.r.aws.ConfigClusterResolver      : Resolving eureka endpoints via configuration
2018-03-18 14:57:12.587  INFO 11732 --- [AsyncResolver-bootstrap-executor-0] c.n.d.s.r.aws.ConfigClusterResolver      : Resolving eureka endpoints via configuration
2018-03-18 15:02:12.588  INFO 11732 --- [AsyncResolver-bootstrap-executor-0] c.n.d.s.r.aws.ConfigClusterResolver      : Resolving eureka endpoints via configuration
2018-03-18 15:07:12.590  INFO 11732 --- [AsyncResolver-bootstrap-executor-0] c.n.d.s.r.aws.ConfigClusterResolver      : Resolving eureka endpoints via configuration
2018-03-18 15:12:12.591  INFO 11732 --- [AsyncResolver-bootstrap-executor-0] c.n.d.s.r.aws.ConfigClusterResolver      : Resolving eureka endpoints via configuration
2018-03-18 15:17:12.594  INFO 11732 --- [AsyncResolver-bootstrap-executor-0] c.n.d.s.r.aws.ConfigClusterResolver      : Resolving eureka endpoints via configuration
2018-03-18 15:22:12.596  INFO 11732 --- [AsyncResolver-bootstrap-executor-0] c.n.d.s.r.aws.ConfigClusterResolver      : Resolving eureka endpoints via configuration
2018-03-18 15:27:12.598  INFO 11732 --- [AsyncResolver-bootstrap-executor-0] c.n.d.s.r.aws.ConfigClusterResolver      : Resolving eureka endpoints via configuration
2018-03-18 15:32:12.599  INFO 11732 --- [AsyncResolver-bootstrap-executor-0] c.n.d.s.r.aws.ConfigClusterResolver      : Resolving eureka endpoints via configuration
2018-03-18 15:37:12.601  INFO 11732 --- [AsyncResolver-bootstrap-executor-0] c.n.d.s.r.aws.ConfigClusterResolver      : Resolving eureka endpoints via configuration
2018-03-18 15:42:12.603  INFO 11732 --- [AsyncResolver-bootstrap-executor-0] c.n.d.s.r.aws.ConfigClusterResolver      : Resolving eureka endpoints via configuration
2018-03-18 15:47:12.605  INFO 11732 --- [AsyncResolver-bootstrap-executor-0] c.n.d.s.r.aws.ConfigClusterResolver      : Resolving eureka endpoints via configuration
2018-03-18 15:52:12.608  INFO 11732 --- [AsyncResolver-bootstrap-executor-0] c.n.d.s.r.aws.ConfigClusterResolver      : Resolving eureka endpoints via configuration
2018-03-18 15:57:12.610  INFO 11732 --- [AsyncResolver-bootstrap-executor-0] c.n.d.s.r.aws.ConfigClusterResolver      : Resolving eureka endpoints via configuration
2018-03-18 16:02:12.611  INFO 11732 --- [AsyncResolver-bootstrap-executor-0] c.n.d.s.r.aws.ConfigClusterResolver      : Resolving eureka endpoints via configuration
2018-03-18 16:07:12.613  INFO 11732 --- [AsyncResolver-bootstrap-executor-0] c.n.d.s.r.aws.ConfigClusterResolver      : Resolving eureka endpoints via configuration
2018-03-18 16:12:12.616  INFO 11732 --- [AsyncResolver-bootstrap-executor-0] c.n.d.s.r.aws.ConfigClusterResolver      : Resolving eureka endpoints via configuration
2018-03-18 16:17:12.619  INFO 11732 --- [AsyncResolver-bootstrap-executor-0] c.n.d.s.r.aws.ConfigClusterResolver      : Resolving eureka endpoints via configuration
2018-03-18 16:22:12.621  INFO 11732 --- [AsyncResolver-bootstrap-executor-0] c.n.d.s.r.aws.ConfigClusterResolver      : Resolving eureka endpoints via configuration
2018-03-18 16:27:12.623  INFO 11732 --- [AsyncResolver-bootstrap-executor-0] c.n.d.s.r.aws.ConfigClusterResolver      : Resolving eureka endpoints via configuration
2018-03-18 16:32:12.626  INFO 11732 --- [AsyncResolver-bootstrap-executor-0] c.n.d.s.r.aws.ConfigClusterResolver      : Resolving eureka endpoints via configuration
2018-03-18 16:37:12.628  INFO 11732 --- [AsyncResolver-bootstrap-executor-0] c.n.d.s.r.aws.ConfigClusterResolver      : Resolving eureka endpoints via configuration
2018-03-18 16:42:12.630  INFO 11732 --- [AsyncResolver-bootstrap-executor-0] c.n.d.s.r.aws.ConfigClusterResolver      : Resolving eureka endpoints via configuration
2018-03-18 16:46:39.128  INFO 11732 --- [RMI TCP Connection(193)-169.254.66.190] inMXBeanRegistrar$SpringApplicationAdmin : Application shutdown requested.
2018-03-18 16:46:39.188  INFO 11732 --- [RMI TCP Connection(193)-169.254.66.190] ConfigServletWebServerApplicationContext : Closing org.springframework.boot.web.servlet.context.AnnotationConfigServletWebServerApplicationContext@3a3e78f: startup date [Sun Mar 18 14:11:51 IST 2018]; parent: org.springframework.context.annotation.AnnotationConfigApplicationContext@34e9fd99
2018-03-18 16:46:39.299  INFO 11732 --- [RMI TCP Connection(193)-169.254.66.190] o.s.c.n.e.s.EurekaServiceRegistry        : Unregistering application customer-service with eureka with status DOWN
2018-03-18 16:46:39.300  WARN 11732 --- [RMI TCP Connection(193)-169.254.66.190] com.netflix.discovery.DiscoveryClient    : Saw local status change event StatusChangeEvent [timestamp=1521371799300, current=DOWN, previous=UP]
2018-03-18 16:46:39.346  INFO 11732 --- [DiscoveryClient-InstanceInfoReplicator-0] com.netflix.discovery.DiscoveryClient    : DiscoveryClient_CUSTOMER-SERVICE/MRNDTHTMOBL0002.timesgroup.com:customer-service:6161: registering service...
2018-03-18 16:46:39.689  INFO 11732 --- [DiscoveryClient-InstanceInfoReplicator-0] com.netflix.discovery.DiscoveryClient    : DiscoveryClient_CUSTOMER-SERVICE/MRNDTHTMOBL0002.timesgroup.com:customer-service:6161 - registration status: 204
2018-03-18 16:46:40.274  INFO 11732 --- [RMI TCP Connection(193)-169.254.66.190] o.s.c.support.DefaultLifecycleProcessor  : Stopping beans in phase 0
2018-03-18 16:46:40.299  INFO 11732 --- [RMI TCP Connection(193)-169.254.66.190] com.netflix.discovery.DiscoveryClient    : Shutting down DiscoveryClient ...
2018-03-18 16:46:40.300  INFO 11732 --- [RMI TCP Connection(193)-169.254.66.190] com.netflix.discovery.DiscoveryClient    : Unregistering ...
2018-03-18 16:46:40.909  INFO 11732 --- [RMI TCP Connection(193)-169.254.66.190] com.netflix.discovery.DiscoveryClient    : DiscoveryClient_CUSTOMER-SERVICE/MRNDTHTMOBL0002.timesgroup.com:customer-service:6161 - deregister  status: 200
2018-03-18 16:46:41.006  INFO 11732 --- [RMI TCP Connection(193)-169.254.66.190] com.netflix.discovery.DiscoveryClient    : Completed shut down of DiscoveryClient
2018-03-18 16:46:41.079  INFO 11732 --- [RMI TCP Connection(193)-169.254.66.190] o.s.j.e.a.AnnotationMBeanExporter        : Unregistering JMX-exposed beans on shutdown
2018-03-18 16:46:41.122  INFO 11732 --- [RMI TCP Connection(193)-169.254.66.190] o.s.j.e.a.AnnotationMBeanExporter        : Unregistering JMX-exposed beans
2018-03-18 16:46:41.282  INFO 11732 --- [RMI TCP Connection(193)-169.254.66.190] s.c.a.AnnotationConfigApplicationContext : Closing SpringClientFactory-account-service: startup date [Sun Mar 18 14:12:26 IST 2018]; parent: org.springframework.boot.web.servlet.context.AnnotationConfigServletWebServerApplicationContext@3a3e78f
2018-03-18 16:46:41.610  WARN 11732 --- [RMI TCP Connection(193)-169.254.66.190] s.c.a.AnnotationConfigApplicationContext : Exception thrown from ApplicationListener handling ContextClosedEvent

org.springframework.beans.factory.BeanCreationNotAllowedException: Error creating bean with name 'eurekaAutoServiceRegistration': Singleton bean creation not allowed while singletons of this factory are in destruction (Do not request a bean from a BeanFactory in a destroy method implementation!)
	at org.springframework.beans.factory.support.DefaultSingletonBeanRegistry.getSingleton(DefaultSingletonBeanRegistry.java:214) [spring-beans-5.0.4.RELEASE.jar:5.0.4.RELEASE]
	at org.springframework.beans.factory.support.AbstractBeanFactory.doGetBean(AbstractBeanFactory.java:310) ~[spring-beans-5.0.4.RELEASE.jar:5.0.4.RELEASE]
	at org.springframework.beans.factory.support.AbstractBeanFactory.getBean(AbstractBeanFactory.java:200) ~[spring-beans-5.0.4.RELEASE.jar:5.0.4.RELEASE]
	at org.springframework.context.support.AbstractApplicationContext.getBean(AbstractApplicationContext.java:1085) [spring-context-5.0.4.RELEASE.jar:5.0.4.RELEASE]
	at org.springframework.context.event.ApplicationListenerMethodAdapter.getTargetBean(ApplicationListenerMethodAdapter.java:291) ~[spring-context-5.0.4.RELEASE.jar:5.0.4.RELEASE]
	at org.springframework.context.event.ApplicationListenerMethodAdapter.doInvoke(ApplicationListenerMethodAdapter.java:261) ~[spring-context-5.0.4.RELEASE.jar:5.0.4.RELEASE]
	at org.springframework.context.event.ApplicationListenerMethodAdapter.processEvent(ApplicationListenerMethodAdapter.java:182) ~[spring-context-5.0.4.RELEASE.jar:5.0.4.RELEASE]
	at org.springframework.context.event.ApplicationListenerMethodAdapter.onApplicationEvent(ApplicationListenerMethodAdapter.java:144) ~[spring-context-5.0.4.RELEASE.jar:5.0.4.RELEASE]
	at org.springframework.context.event.SimpleApplicationEventMulticaster.doInvokeListener(SimpleApplicationEventMulticaster.java:172) ~[spring-context-5.0.4.RELEASE.jar:5.0.4.RELEASE]
	at org.springframework.context.event.SimpleApplicationEventMulticaster.invokeListener(SimpleApplicationEventMulticaster.java:165) ~[spring-context-5.0.4.RELEASE.jar:5.0.4.RELEASE]
	at org.springframework.context.event.SimpleApplicationEventMulticaster.multicastEvent(SimpleApplicationEventMulticaster.java:139) ~[spring-context-5.0.4.RELEASE.jar:5.0.4.RELEASE]
	at org.springframework.context.support.AbstractApplicationContext.publishEvent(AbstractApplicationContext.java:399) [spring-context-5.0.4.RELEASE.jar:5.0.4.RELEASE]
	at org.springframework.context.support.AbstractApplicationContext.publishEvent(AbstractApplicationContext.java:405) [spring-context-5.0.4.RELEASE.jar:5.0.4.RELEASE]
	at org.springframework.context.support.AbstractApplicationContext.publishEvent(AbstractApplicationContext.java:353) [spring-context-5.0.4.RELEASE.jar:5.0.4.RELEASE]
	at org.springframework.context.support.AbstractApplicationContext.doClose(AbstractApplicationContext.java:996) [spring-context-5.0.4.RELEASE.jar:5.0.4.RELEASE]
	at org.springframework.context.support.AbstractApplicationContext.close(AbstractApplicationContext.java:963) [spring-context-5.0.4.RELEASE.jar:5.0.4.RELEASE]
	at org.springframework.cloud.context.named.NamedContextFactory.destroy(NamedContextFactory.java:76) [spring-cloud-context-2.0.0.M8.jar:2.0.0.M8]
	at org.springframework.beans.factory.support.DisposableBeanAdapter.destroy(DisposableBeanAdapter.java:256) [spring-beans-5.0.4.RELEASE.jar:5.0.4.RELEASE]
	at org.springframework.beans.factory.support.DefaultSingletonBeanRegistry.destroyBean(DefaultSingletonBeanRegistry.java:576) [spring-beans-5.0.4.RELEASE.jar:5.0.4.RELEASE]
	at org.springframework.beans.factory.support.DefaultSingletonBeanRegistry.destroySingleton(DefaultSingletonBeanRegistry.java:552) [spring-beans-5.0.4.RELEASE.jar:5.0.4.RELEASE]
	at org.springframework.beans.factory.support.DefaultListableBeanFactory.destroySingleton(DefaultListableBeanFactory.java:957) [spring-beans-5.0.4.RELEASE.jar:5.0.4.RELEASE]
	at org.springframework.beans.factory.support.DefaultSingletonBeanRegistry.destroySingletons(DefaultSingletonBeanRegistry.java:521) [spring-beans-5.0.4.RELEASE.jar:5.0.4.RELEASE]
	at org.springframework.beans.factory.support.FactoryBeanRegistrySupport.destroySingletons(FactoryBeanRegistrySupport.java:226) [spring-beans-5.0.4.RELEASE.jar:5.0.4.RELEASE]
	at org.springframework.beans.factory.support.DefaultListableBeanFactory.destroySingletons(DefaultListableBeanFactory.java:964) [spring-beans-5.0.4.RELEASE.jar:5.0.4.RELEASE]
	at org.springframework.context.support.AbstractApplicationContext.destroyBeans(AbstractApplicationContext.java:1037) [spring-context-5.0.4.RELEASE.jar:5.0.4.RELEASE]
	at org.springframework.context.support.AbstractApplicationContext.doClose(AbstractApplicationContext.java:1013) [spring-context-5.0.4.RELEASE.jar:5.0.4.RELEASE]
	at org.springframework.context.support.AbstractApplicationContext.close(AbstractApplicationContext.java:963) [spring-context-5.0.4.RELEASE.jar:5.0.4.RELEASE]
	at org.springframework.boot.admin.SpringApplicationAdminMXBeanRegistrar$SpringApplicationAdmin.shutdown(SpringApplicationAdminMXBeanRegistrar.java:133) [spring-boot-2.0.0.RELEASE.jar:2.0.0.RELEASE]
	at sun.reflect.NativeMethodAccessorImpl.invoke0(Native Method) ~[na:1.8.0_151]
	at sun.reflect.NativeMethodAccessorImpl.invoke(Unknown Source) ~[na:1.8.0_151]
	at sun.reflect.DelegatingMethodAccessorImpl.invoke(Unknown Source) ~[na:1.8.0_151]
	at java.lang.reflect.Method.invoke(Unknown Source) ~[na:1.8.0_151]
	at sun.reflect.misc.Trampoline.invoke(Unknown Source) [na:1.8.0_151]
	at sun.reflect.GeneratedMethodAccessor59.invoke(Unknown Source) ~[na:na]
	at sun.reflect.DelegatingMethodAccessorImpl.invoke(Unknown Source) ~[na:1.8.0_151]
	at java.lang.reflect.Method.invoke(Unknown Source) ~[na:1.8.0_151]
	at sun.reflect.misc.MethodUtil.invoke(Unknown Source) [na:1.8.0_151]
	at com.sun.jmx.mbeanserver.ConvertingMethod.invokeWithOpenReturn(Unknown Source) [na:1.8.0_151]
	at com.sun.jmx.mbeanserver.ConvertingMethod.invokeWithOpenReturn(Unknown Source) [na:1.8.0_151]
	at com.sun.jmx.mbeanserver.MXBeanIntrospector.invokeM2(Unknown Source) [na:1.8.0_151]
	at com.sun.jmx.mbeanserver.MXBeanIntrospector.invokeM2(Unknown Source) [na:1.8.0_151]
	at com.sun.jmx.mbeanserver.MBeanIntrospector.invokeM(Unknown Source) [na:1.8.0_151]
	at com.sun.jmx.mbeanserver.PerInterface.invoke(Unknown Source) [na:1.8.0_151]
	at com.sun.jmx.mbeanserver.MBeanSupport.invoke(Unknown Source) [na:1.8.0_151]
	at com.sun.jmx.interceptor.DefaultMBeanServerInterceptor.invoke(Unknown Source) [na:1.8.0_151]
	at com.sun.jmx.mbeanserver.JmxMBeanServer.invoke(Unknown Source) [na:1.8.0_151]
	at javax.management.remote.rmi.RMIConnectionImpl.doOperation(Unknown Source) [na:1.8.0_151]
	at javax.management.remote.rmi.RMIConnectionImpl.access$300(Unknown Source) [na:1.8.0_151]
	at javax.management.remote.rmi.RMIConnectionImpl$PrivilegedOperation.run(Unknown Source) [na:1.8.0_151]
	at javax.management.remote.rmi.RMIConnectionImpl.doPrivilegedOperation(Unknown Source) [na:1.8.0_151]
	at javax.management.remote.rmi.RMIConnectionImpl.invoke(Unknown Source) [na:1.8.0_151]
	at sun.reflect.GeneratedMethodAccessor61.invoke(Unknown Source) ~[na:na]
	at sun.reflect.DelegatingMethodAccessorImpl.invoke(Unknown Source) ~[na:1.8.0_151]
	at java.lang.reflect.Method.invoke(Unknown Source) ~[na:1.8.0_151]
	at sun.rmi.server.UnicastServerRef.dispatch(Unknown Source) [na:1.8.0_151]
	at sun.rmi.transport.Transport$1.run(Unknown Source) [na:1.8.0_151]
	at sun.rmi.transport.Transport$1.run(Unknown Source) [na:1.8.0_151]
	at java.security.AccessController.doPrivileged(Native Method) [na:1.8.0_151]
	at sun.rmi.transport.Transport.serviceCall(Unknown Source) [na:1.8.0_151]
	at sun.rmi.transport.tcp.TCPTransport.handleMessages(Unknown Source) [na:1.8.0_151]
	at sun.rmi.transport.tcp.TCPTransport$ConnectionHandler.run0(Unknown Source) [na:1.8.0_151]
	at sun.rmi.transport.tcp.TCPTransport$ConnectionHandler.lambda$run$0(Unknown Source) [na:1.8.0_151]
	at java.security.AccessController.doPrivileged(Native Method) [na:1.8.0_151]
	at sun.rmi.transport.tcp.TCPTransport$ConnectionHandler.run(Unknown Source) [na:1.8.0_151]
	at java.util.concurrent.ThreadPoolExecutor.runWorker(Unknown Source) ~[na:1.8.0_151]
	at java.util.concurrent.ThreadPoolExecutor$Worker.run(Unknown Source) ~[na:1.8.0_151]
	at java.lang.Thread.run(Unknown Source) ~[na:1.8.0_151]

2018-03-18 16:46:41.615  INFO 11732 --- [RMI TCP Connection(193)-169.254.66.190] c.n.u.concurrent.ShutdownEnabledTimer    : Shutdown hook removed for: NFLoadBalancer-PingTimer-account-service
2018-03-18 16:46:41.699  INFO 11732 --- [RMI TCP Connection(193)-169.254.66.190] s.c.a.AnnotationConfigApplicationContext : Closing FeignContext-account-service: startup date [Sun Mar 18 14:12:02 IST 2018]; parent: org.springframework.boot.web.servlet.context.AnnotationConfigServletWebServerApplicationContext@3a3e78f
2018-03-18 16:46:41.761  WARN 11732 --- [RMI TCP Connection(193)-169.254.66.190] s.c.a.AnnotationConfigApplicationContext : Exception thrown from ApplicationListener handling ContextClosedEvent

org.springframework.beans.factory.BeanCreationNotAllowedException: Error creating bean with name 'eurekaAutoServiceRegistration': Singleton bean creation not allowed while singletons of this factory are in destruction (Do not request a bean from a BeanFactory in a destroy method implementation!)
	at org.springframework.beans.factory.support.DefaultSingletonBeanRegistry.getSingleton(DefaultSingletonBeanRegistry.java:214) [spring-beans-5.0.4.RELEASE.jar:5.0.4.RELEASE]
	at org.springframework.beans.factory.support.AbstractBeanFactory.doGetBean(AbstractBeanFactory.java:310) ~[spring-beans-5.0.4.RELEASE.jar:5.0.4.RELEASE]
	at org.springframework.beans.factory.support.AbstractBeanFactory.getBean(AbstractBeanFactory.java:200) ~[spring-beans-5.0.4.RELEASE.jar:5.0.4.RELEASE]
	at org.springframework.context.support.AbstractApplicationContext.getBean(AbstractApplicationContext.java:1085) [spring-context-5.0.4.RELEASE.jar:5.0.4.RELEASE]
	at org.springframework.context.event.ApplicationListenerMethodAdapter.getTargetBean(ApplicationListenerMethodAdapter.java:291) ~[spring-context-5.0.4.RELEASE.jar:5.0.4.RELEASE]
	at org.springframework.context.event.ApplicationListenerMethodAdapter.doInvoke(ApplicationListenerMethodAdapter.java:261) ~[spring-context-5.0.4.RELEASE.jar:5.0.4.RELEASE]
	at org.springframework.context.event.ApplicationListenerMethodAdapter.processEvent(ApplicationListenerMethodAdapter.java:182) ~[spring-context-5.0.4.RELEASE.jar:5.0.4.RELEASE]
	at org.springframework.context.event.ApplicationListenerMethodAdapter.onApplicationEvent(ApplicationListenerMethodAdapter.java:144) ~[spring-context-5.0.4.RELEASE.jar:5.0.4.RELEASE]
	at org.springframework.context.event.SimpleApplicationEventMulticaster.doInvokeListener(SimpleApplicationEventMulticaster.java:172) ~[spring-context-5.0.4.RELEASE.jar:5.0.4.RELEASE]
	at org.springframework.context.event.SimpleApplicationEventMulticaster.invokeListener(SimpleApplicationEventMulticaster.java:165) ~[spring-context-5.0.4.RELEASE.jar:5.0.4.RELEASE]
	at org.springframework.context.event.SimpleApplicationEventMulticaster.multicastEvent(SimpleApplicationEventMulticaster.java:139) ~[spring-context-5.0.4.RELEASE.jar:5.0.4.RELEASE]
	at org.springframework.context.support.AbstractApplicationContext.publishEvent(AbstractApplicationContext.java:399) [spring-context-5.0.4.RELEASE.jar:5.0.4.RELEASE]
	at org.springframework.context.support.AbstractApplicationContext.publishEvent(AbstractApplicationContext.java:405) [spring-context-5.0.4.RELEASE.jar:5.0.4.RELEASE]
	at org.springframework.context.support.AbstractApplicationContext.publishEvent(AbstractApplicationContext.java:353) [spring-context-5.0.4.RELEASE.jar:5.0.4.RELEASE]
	at org.springframework.context.support.AbstractApplicationContext.doClose(AbstractApplicationContext.java:996) [spring-context-5.0.4.RELEASE.jar:5.0.4.RELEASE]
	at org.springframework.context.support.AbstractApplicationContext.close(AbstractApplicationContext.java:963) [spring-context-5.0.4.RELEASE.jar:5.0.4.RELEASE]
	at org.springframework.cloud.context.named.NamedContextFactory.destroy(NamedContextFactory.java:76) [spring-cloud-context-2.0.0.M8.jar:2.0.0.M8]
	at org.springframework.beans.factory.support.DisposableBeanAdapter.destroy(DisposableBeanAdapter.java:256) [spring-beans-5.0.4.RELEASE.jar:5.0.4.RELEASE]
	at org.springframework.beans.factory.support.DefaultSingletonBeanRegistry.destroyBean(DefaultSingletonBeanRegistry.java:576) [spring-beans-5.0.4.RELEASE.jar:5.0.4.RELEASE]
	at org.springframework.beans.factory.support.DefaultSingletonBeanRegistry.destroySingleton(DefaultSingletonBeanRegistry.java:552) [spring-beans-5.0.4.RELEASE.jar:5.0.4.RELEASE]
	at org.springframework.beans.factory.support.DefaultListableBeanFactory.destroySingleton(DefaultListableBeanFactory.java:957) [spring-beans-5.0.4.RELEASE.jar:5.0.4.RELEASE]
	at org.springframework.beans.factory.support.DefaultSingletonBeanRegistry.destroySingletons(DefaultSingletonBeanRegistry.java:521) [spring-beans-5.0.4.RELEASE.jar:5.0.4.RELEASE]
	at org.springframework.beans.factory.support.FactoryBeanRegistrySupport.destroySingletons(FactoryBeanRegistrySupport.java:226) [spring-beans-5.0.4.RELEASE.jar:5.0.4.RELEASE]
	at org.springframework.beans.factory.support.DefaultListableBeanFactory.destroySingletons(DefaultListableBeanFactory.java:964) [spring-beans-5.0.4.RELEASE.jar:5.0.4.RELEASE]
	at org.springframework.context.support.AbstractApplicationContext.destroyBeans(AbstractApplicationContext.java:1037) [spring-context-5.0.4.RELEASE.jar:5.0.4.RELEASE]
	at org.springframework.context.support.AbstractApplicationContext.doClose(AbstractApplicationContext.java:1013) [spring-context-5.0.4.RELEASE.jar:5.0.4.RELEASE]
	at org.springframework.context.support.AbstractApplicationContext.close(AbstractApplicationContext.java:963) [spring-context-5.0.4.RELEASE.jar:5.0.4.RELEASE]
	at org.springframework.boot.admin.SpringApplicationAdminMXBeanRegistrar$SpringApplicationAdmin.shutdown(SpringApplicationAdminMXBeanRegistrar.java:133) [spring-boot-2.0.0.RELEASE.jar:2.0.0.RELEASE]
	at sun.reflect.NativeMethodAccessorImpl.invoke0(Native Method) ~[na:1.8.0_151]
	at sun.reflect.NativeMethodAccessorImpl.invoke(Unknown Source) ~[na:1.8.0_151]
	at sun.reflect.DelegatingMethodAccessorImpl.invoke(Unknown Source) ~[na:1.8.0_151]
	at java.lang.reflect.Method.invoke(Unknown Source) ~[na:1.8.0_151]
	at sun.reflect.misc.Trampoline.invoke(Unknown Source) [na:1.8.0_151]
	at sun.reflect.GeneratedMethodAccessor59.invoke(Unknown Source) ~[na:na]
	at sun.reflect.DelegatingMethodAccessorImpl.invoke(Unknown Source) ~[na:1.8.0_151]
	at java.lang.reflect.Method.invoke(Unknown Source) ~[na:1.8.0_151]
	at sun.reflect.misc.MethodUtil.invoke(Unknown Source) [na:1.8.0_151]
	at com.sun.jmx.mbeanserver.ConvertingMethod.invokeWithOpenReturn(Unknown Source) [na:1.8.0_151]
	at com.sun.jmx.mbeanserver.ConvertingMethod.invokeWithOpenReturn(Unknown Source) [na:1.8.0_151]
	at com.sun.jmx.mbeanserver.MXBeanIntrospector.invokeM2(Unknown Source) [na:1.8.0_151]
	at com.sun.jmx.mbeanserver.MXBeanIntrospector.invokeM2(Unknown Source) [na:1.8.0_151]
	at com.sun.jmx.mbeanserver.MBeanIntrospector.invokeM(Unknown Source) [na:1.8.0_151]
	at com.sun.jmx.mbeanserver.PerInterface.invoke(Unknown Source) [na:1.8.0_151]
	at com.sun.jmx.mbeanserver.MBeanSupport.invoke(Unknown Source) [na:1.8.0_151]
	at com.sun.jmx.interceptor.DefaultMBeanServerInterceptor.invoke(Unknown Source) [na:1.8.0_151]
	at com.sun.jmx.mbeanserver.JmxMBeanServer.invoke(Unknown Source) [na:1.8.0_151]
	at javax.management.remote.rmi.RMIConnectionImpl.doOperation(Unknown Source) [na:1.8.0_151]
	at javax.management.remote.rmi.RMIConnectionImpl.access$300(Unknown Source) [na:1.8.0_151]
	at javax.management.remote.rmi.RMIConnectionImpl$PrivilegedOperation.run(Unknown Source) [na:1.8.0_151]
	at javax.management.remote.rmi.RMIConnectionImpl.doPrivilegedOperation(Unknown Source) [na:1.8.0_151]
	at javax.management.remote.rmi.RMIConnectionImpl.invoke(Unknown Source) [na:1.8.0_151]
	at sun.reflect.GeneratedMethodAccessor61.invoke(Unknown Source) ~[na:na]
	at sun.reflect.DelegatingMethodAccessorImpl.invoke(Unknown Source) ~[na:1.8.0_151]
	at java.lang.reflect.Method.invoke(Unknown Source) ~[na:1.8.0_151]
	at sun.rmi.server.UnicastServerRef.dispatch(Unknown Source) [na:1.8.0_151]
	at sun.rmi.transport.Transport$1.run(Unknown Source) [na:1.8.0_151]
	at sun.rmi.transport.Transport$1.run(Unknown Source) [na:1.8.0_151]
	at java.security.AccessController.doPrivileged(Native Method) [na:1.8.0_151]
	at sun.rmi.transport.Transport.serviceCall(Unknown Source) [na:1.8.0_151]
	at sun.rmi.transport.tcp.TCPTransport.handleMessages(Unknown Source) [na:1.8.0_151]
	at sun.rmi.transport.tcp.TCPTransport$ConnectionHandler.run0(Unknown Source) [na:1.8.0_151]
	at sun.rmi.transport.tcp.TCPTransport$ConnectionHandler.lambda$run$0(Unknown Source) [na:1.8.0_151]
	at java.security.AccessController.doPrivileged(Native Method) [na:1.8.0_151]
	at sun.rmi.transport.tcp.TCPTransport$ConnectionHandler.run(Unknown Source) [na:1.8.0_151]
	at java.util.concurrent.ThreadPoolExecutor.runWorker(Unknown Source) ~[na:1.8.0_151]
	at java.util.concurrent.ThreadPoolExecutor$Worker.run(Unknown Source) ~[na:1.8.0_151]
	at java.lang.Thread.run(Unknown Source) ~[na:1.8.0_151]

2018-03-18 16:46:41.827  INFO 11732 --- [RMI TCP Connection(193)-169.254.66.190] j.LocalContainerEntityManagerFactoryBean : Closing JPA EntityManagerFactory for persistence unit 'default'
2018-03-18 16:46:41.856  INFO 11732 --- [RMI TCP Connection(193)-169.254.66.190] .SchemaDropperImpl$DelayedDropActionImpl : HHH000477: Starting delayed drop of schema as part of SessionFactory shut-down'
2018-03-18 16:46:42.150  INFO 11732 --- [RMI TCP Connection(193)-169.254.66.190] com.zaxxer.hikari.HikariDataSource       : HikariPool-1 - Shutdown initiated...
2018-03-18 16:46:42.230  INFO 11732 --- [RMI TCP Connection(193)-169.254.66.190] com.zaxxer.hikari.HikariDataSource       : HikariPool-1 - Shutdown completed.
2018-03-18 16:46:42.537  INFO 11732 --- [RMI TCP Connection(193)-169.254.66.190] o.apache.catalina.core.StandardService   : Stopping service [Tomcat]
2018-03-18 16:46:42.588  INFO 11732 --- [localhost-startStop-2] o.a.c.c.C.[Tomcat].[localhost].[/]       : Destroying Spring FrameworkServlet 'dispatcherServlet'
2018-03-18 16:46:42.703  WARN 11732 --- [localhost-startStop-2] o.a.c.loader.WebappClassLoaderBase       : The web application [ROOT] appears to have started a thread named [PollingServerListUpdater-0] but has failed to stop it. This is very likely to create a memory leak. Stack trace of thread:
 sun.misc.Unsafe.park(Native Method)
 java.util.concurrent.locks.LockSupport.parkNanos(Unknown Source)
 java.util.concurrent.locks.AbstractQueuedSynchronizer$ConditionObject.awaitNanos(Unknown Source)
 java.util.concurrent.ScheduledThreadPoolExecutor$DelayedWorkQueue.take(Unknown Source)
 java.util.concurrent.ScheduledThreadPoolExecutor$DelayedWorkQueue.take(Unknown Source)
 java.util.concurrent.ThreadPoolExecutor.getTask(Unknown Source)
 java.util.concurrent.ThreadPoolExecutor.runWorker(Unknown Source)
 java.util.concurrent.ThreadPoolExecutor$Worker.run(Unknown Source)
 java.lang.Thread.run(Unknown Source)
2018-03-18 16:46:42.720  WARN 11732 --- [localhost-startStop-2] o.a.c.loader.WebappClassLoaderBase       : The web application [ROOT] appears to have started a thread named [DataPublisher] but has failed to stop it. This is very likely to create a memory leak. Stack trace of thread:
 sun.misc.Unsafe.park(Native Method)
 java.util.concurrent.locks.LockSupport.parkNanos(Unknown Source)
 java.util.concurrent.locks.AbstractQueuedSynchronizer$ConditionObject.awaitNanos(Unknown Source)
 java.util.concurrent.ScheduledThreadPoolExecutor$DelayedWorkQueue.take(Unknown Source)
 java.util.concurrent.ScheduledThreadPoolExecutor$DelayedWorkQueue.take(Unknown Source)
 java.util.concurrent.ThreadPoolExecutor.getTask(Unknown Source)
 java.util.concurrent.ThreadPoolExecutor.runWorker(Unknown Source)
 java.util.concurrent.ThreadPoolExecutor$Worker.run(Unknown Source)
 java.lang.Thread.run(Unknown Source)
2018-03-18 16:46:42.721  WARN 11732 --- [localhost-startStop-2] o.a.c.loader.WebappClassLoaderBase       : The web application [ROOT] appears to have started a thread named [PollingServerListUpdater-1] but has failed to stop it. This is very likely to create a memory leak. Stack trace of thread:
 sun.misc.Unsafe.park(Native Method)
 java.util.concurrent.locks.LockSupport.park(Unknown Source)
 java.util.concurrent.locks.AbstractQueuedSynchronizer$ConditionObject.await(Unknown Source)
 java.util.concurrent.ScheduledThreadPoolExecutor$DelayedWorkQueue.take(Unknown Source)
 java.util.concurrent.ScheduledThreadPoolExecutor$DelayedWorkQueue.take(Unknown Source)
 java.util.concurrent.ThreadPoolExecutor.getTask(Unknown Source)
 java.util.concurrent.ThreadPoolExecutor.runWorker(Unknown Source)
 java.util.concurrent.ThreadPoolExecutor$Worker.run(Unknown Source)
 java.lang.Thread.run(Unknown Source)
2018-03-18 16:46:42.872  INFO 11732 --- [Thread-15] c.n.l.PollingServerListUpdater           : Shutting down the Executor Pool for PollingServerListUpdater
